2023-12-19 13:19:48.282 [info] Log level: Info
2023-12-19 13:19:48.282 [info] Validating found git in: "git"
2023-12-19 13:19:48.282 [info] Using git "2.34.1" from "git"
2023-12-19 13:19:48.282 [info] > git rev-parse --show-toplevel [23ms]
2023-12-19 13:19:48.282 [info] fatal: not a git repository (or any of the parent directories): .git
2023-12-19 13:19:48.282 [info] > git rev-parse --show-toplevel [28ms]
2023-12-19 13:19:48.282 [info] fatal: not a git repository (or any of the parent directories): .git
2023-12-19 13:19:48.282 [info] > git rev-parse --show-toplevel [588ms]
2023-12-19 13:19:48.282 [info] fatal: not a git repository (or any of the parent directories): .git
2023-12-19 13:19:48.285 [info] > git rev-parse --show-toplevel [7ms]
2023-12-19 13:19:48.286 [info] fatal: not a git repository (or any of the parent directories): .git
2023-12-19 13:19:49.522 [info] > git rev-parse --show-toplevel [1171ms]
2023-12-19 13:19:49.522 [info] fatal: not a git repository (or any of the parent directories): .git
2023-12-20 22:09:49.314 [info] > git rev-parse --show-toplevel [12ms]
2023-12-20 22:09:49.334 [info] > git rev-parse --git-dir --git-common-dir [1ms]
2023-12-20 22:09:49.376 [info] Open repository: /home/david
2023-12-20 22:09:49.404 [info] No remotes found in the git config file.
2023-12-20 22:09:49.407 [info] > git config --get commit.template [13ms]
2023-12-20 22:09:49.408 [info] > git for-each-ref --format=%(refname)%00%(upstream:short)%00%(objectname)%00%(upstream:track)%00%(upstream:remotename)%00%(upstream:remoteref) refs/heads/master refs/remotes/master [4ms]
2023-12-20 22:09:49.970 [info] > git check-ignore -v -z --stdin [4ms]
2023-12-20 22:09:50.605 [info] > git show --textconv :web.html [10ms]
2023-12-20 22:09:50.608 [info] > git ls-files --stage -- /home/david/web.html [4ms]
2023-12-20 22:09:51.970 [info] > git status -z -uall [2554ms] (cancelled)
